<?xml version="1.0" encoding="UTF-8"?>
<!-- Generated by org.testng.reporters.JUnitReportReporter -->
<testsuite hostname="DESKTOP-LLLGMOJ" failures="0" tests="2" name="testscripts.TestLeadsPage" time="7.025" errors="0" timestamp="2022-09-24T07:45:34 IST" skipped="0">
  <testcase classname="testscripts.TestLeadsPage" name="testLeadCreation" time="6.012"/>
  <system-out/>
  <testcase classname="testscripts.TestLeadsPage" name="testLeadDeletion" time="1.013"/>
  <system-out/>
</testsuite> <!-- testscripts.TestLeadsPage -->
