<?xml version="1.0" encoding="UTF-8"?>
<!-- Generated by org.testng.reporters.JUnitReportReporter -->
<testsuite hostname="DESKTOP-LLLGMOJ" failures="0" tests="1" name="jsexamples.Example2" time="8.742" errors="0" timestamp="2022-09-21T21:01:34 IST" skipped="0">
  <testcase classname="jsexamples.Example2" name="testCase1" time="8.742"/>
  <system-out/>
</testsuite> <!-- jsexamples.Example2 -->
