<?xml version="1.0" encoding="UTF-8"?>
<!-- Generated by org.testng.reporters.JUnitReportReporter -->
<testsuite hostname="DESKTOP-LLLGMOJ" failures="0" tests="2" name="runner.TestRunner" time="29.794" errors="0" timestamp="2022-09-25T08:50:53 IST" skipped="0">
  <testcase classname="runner.TestRunner" name="runScenario" time="16.357"/>
  <system-out/>
  <testcase classname="runner.TestRunner" name="runScenario" time="13.437"/>
  <system-out/>
</testsuite> <!-- runner.TestRunner -->
