<?xml version="1.0" encoding="UTF-8"?>
<!-- Generated by org.testng.reporters.JUnitReportReporter -->
<testsuite hostname="DESKTOP-LLLGMOJ" failures="0" tests="5" name="testngsamples.Actitime_InvocationCount" time="0.023" errors="0" timestamp="09 Sep 2022 03:20:07 GMT" skipped="0">
  <testcase classname="testngsamples.Actitime_InvocationCount" name="openBrowserAndAppURL" time="0.003"/>
  <testcase classname="testngsamples.Actitime_InvocationCount" name="openBrowserAndAppURL" time="0.001"/>
  <testcase classname="testngsamples.Actitime_InvocationCount" name="openBrowserAndAppURL" time="0.002"/>
  <testcase classname="testngsamples.Actitime_InvocationCount" name="openBrowserAndAppURL" time="0.015"/>
  <testcase classname="testngsamples.Actitime_InvocationCount" name="openBrowserAndAppURL" time="0.002"/>
</testsuite> <!-- testngsamples.Actitime_InvocationCount -->
