<?xml version="1.0" encoding="UTF-8"?>
<!-- Generated by org.testng.reporters.JUnitReportReporter -->
<testsuite hostname="DESKTOP-LLLGMOJ" failures="0" tests="2" name="testngsamples.Actitime_ExceptionAndTimeout" time="0.011" errors="0" timestamp="09 Sep 2022 03:20:07 GMT" skipped="0">
  <testcase classname="testngsamples.Actitime_ExceptionAndTimeout" name="executetimeOut" time="0.007"/>
  <testcase classname="testngsamples.Actitime_ExceptionAndTimeout" name="dividedByZeroExample1" time="0.004"/>
</testsuite> <!-- testngsamples.Actitime_ExceptionAndTimeout -->
