<?xml version="1.0" encoding="UTF-8"?>
<!-- Generated by org.testng.reporters.JUnitReportReporter -->
<testsuite hostname="DESKTOP-LLLGMOJ" failures="0" tests="2" name="testngsamples.Annotations3" time="0.033" errors="0" timestamp="11 Sep 2022 02:07:30 GMT" skipped="0">
  <testcase classname="testngsamples.Annotations3" name="taskCreation" time="0.009"/>
  <testcase classname="testngsamples.Annotations3" name="deleteTask" time="0.024"/>
</testsuite> <!-- testngsamples.Annotations3 -->
