<?xml version="1.0" encoding="UTF-8"?>
<!-- Generated by org.testng.reporters.JUnitReportReporter -->
<testsuite hostname="DESKTOP-LLLGMOJ" failures="0" tests="2" name="testngsamples.ParallelExecutionTest" time="15.165" errors="0" timestamp="12 Sep 2022 03:25:17 GMT" skipped="0">
  <testcase classname="testngsamples.ParallelExecutionTest" name="testLoginOfVtiger" time="5.874"/>
  <testcase classname="testngsamples.ParallelExecutionTest" name="testLoginOfVtiger" time="9.291"/>
</testsuite> <!-- testngsamples.ParallelExecutionTest -->
