<?xml version="1.0" encoding="UTF-8"?>
<!-- Generated by org.testng.reporters.JUnitReportReporter -->
<testsuite hostname="DESKTOP-LLLGMOJ" failures="0" tests="2" name="testngsamples.ParallelExecutionOfMethods" time="0.028" errors="0" timestamp="12 Sep 2022 03:27:22 GMT" skipped="0">
  <testcase classname="testngsamples.ParallelExecutionOfMethods" name="testCaseOne" time="0.014"/>
  <testcase classname="testngsamples.ParallelExecutionOfMethods" name="testCaseTwo" time="0.014"/>
</testsuite> <!-- testngsamples.ParallelExecutionOfMethods -->
