<?xml version="1.0" encoding="UTF-8"?>
<!-- Generated by org.testng.reporters.JUnitReportReporter -->
<testsuite hostname="DESKTOP-LLLGMOJ" failures="0" tests="3" name="testngsamples.DataProviderExample" time="16.825" errors="0" timestamp="12 Sep 2022 03:16:59 GMT" skipped="0">
  <testcase classname="testngsamples.DataProviderExample" name="testLoginOfVtiger" time="7.212"/>
  <testcase classname="testngsamples.DataProviderExample" name="testLoginOfVtiger" time="5.219"/>
  <testcase classname="testngsamples.DataProviderExample" name="testLoginOfVtiger" time="4.394"/>
</testsuite> <!-- testngsamples.DataProviderExample -->
