<?xml version="1.0" encoding="UTF-8"?>
<!-- Generated by org.testng.reporters.JUnitReportReporter -->
<testsuite hostname="DESKTOP-LLLGMOJ" failures="0" tests="4" name="testngsamples.ClassLabelAnnotations" time="0.043" errors="0" timestamp="11 Sep 2022 02:12:51 GMT" skipped="0">
  <testcase classname="testngsamples.ClassLabelAnnotations" name="testCase3" time="0.004"/>
  <testcase classname="testngsamples.ClassLabelAnnotations" name="testCase4" time="0.006"/>
  <testcase classname="testngsamples.ClassLabelAnnotations" name="testCase1" time="0.030"/>
  <testcase classname="testngsamples.ClassLabelAnnotations" name="testCase2" time="0.003"/>
</testsuite> <!-- testngsamples.ClassLabelAnnotations -->
