<?xml version="1.0" encoding="UTF-8"?>
<!-- Generated by org.testng.reporters.JUnitReportReporter -->
<testsuite hostname="DESKTOP-LLLGMOJ" failures="0" tests="4" name="testngsamples.Actitime_Enabled" time="0.005" errors="0" timestamp="09 Sep 2022 03:20:07 GMT" skipped="2">
  <testcase classname="testngsamples.Actitime_Enabled" name="createTask" time="0.001"/>
  <testcase classname="testngsamples.Actitime_Enabled" name="openBrowserAndAppURL" time="0.004"/>
  <testcase classname="testngsamples.Actitime_Enabled" name="logoutClose">
    <skipped/>
  </testcase> <!-- logoutClose -->
  <testcase classname="testngsamples.Actitime_Enabled" name="login">
    <skipped/>
  </testcase> <!-- login -->
</testsuite> <!-- testngsamples.Actitime_Enabled -->
