<?xml version="1.0" encoding="UTF-8"?>
<!-- Generated by org.testng.reporters.JUnitReportReporter -->
<testsuite hostname="DESKTOP-LLLGMOJ" failures="0" tests="1" name="testngsamples.Actitime_Timeout" time="0.197" errors="0" timestamp="09 Sep 2022 03:20:07 GMT" skipped="0">
  <testcase classname="testngsamples.Actitime_Timeout" name="openBrowserAndAppURL" time="0.197"/>
</testsuite> <!-- testngsamples.Actitime_Timeout -->
