<?xml version="1.0" encoding="UTF-8"?>
<!-- Generated by org.testng.reporters.JUnitReportReporter -->
<testsuite hostname="DESKTOP-LLLGMOJ" failures="0" tests="1" name="datadriventesting.ExcelReading" time="0.707" errors="0" timestamp="11 Sep 2022 03:34:34 GMT" skipped="0">
  <testcase classname="datadriventesting.ExcelReading" name="getDiffTypeOfCellData" time="0.707"/>
</testsuite> <!-- datadriventesting.ExcelReading -->
