<?xml version="1.0" encoding="UTF-8"?>
<!-- Generated by org.testng.reporters.JUnitReportReporter -->
<testsuite hostname="DESKTOP-LLLGMOJ" failures="0" tests="1" name="datadriventesting.ExcelUpdate" time="0.789" errors="0" timestamp="11 Sep 2022 03:56:28 GMT" skipped="0">
  <testcase classname="datadriventesting.ExcelUpdate" name="updateCellDetails" time="0.789"/>
</testsuite> <!-- datadriventesting.ExcelUpdate -->
