<?xml version="1.0" encoding="UTF-8"?>
<!-- Generated by org.testng.reporters.JUnitReportReporter -->
<testsuite hostname="DESKTOP-LLLGMOJ" failures="0" tests="2" name="testngsamples.GoogleApplicationWithBeforeAfter" time="13.009" errors="0" timestamp="11 Sep 2022 02:27:27 GMT" skipped="0">
  <testcase classname="testngsamples.GoogleApplicationWithBeforeAfter" name="testVtigerHomePage" time="6.994"/>
  <testcase classname="testngsamples.GoogleApplicationWithBeforeAfter" name="testReportsPage" time="6.015"/>
</testsuite> <!-- testngsamples.GoogleApplicationWithBeforeAfter -->
