<?xml version="1.0" encoding="UTF-8"?>
<!-- Generated by org.testng.reporters.JUnitReportReporter -->
<testsuite hostname="DESKTOP-LLLGMOJ" failures="0" tests="1" name="testngsamples.IncludeAndExcludeTestMethods" time="0.013" errors="0" timestamp="12 Sep 2022 02:58:26 GMT" skipped="0">
  <testcase classname="testngsamples.IncludeAndExcludeTestMethods" name="addDepartmentTestCase" time="0.013"/>
</testsuite> <!-- testngsamples.IncludeAndExcludeTestMethods -->
