<?xml version="1.0" encoding="UTF-8"?>
<!-- Generated by org.testng.reporters.JUnitReportReporter -->
<testsuite hostname="DESKTOP-LLLGMOJ" failures="0" tests="3" name="testngsamples.GroupExamples" time="0.014" errors="0" timestamp="12 Sep 2022 03:04:00 GMT" skipped="0">
  <testcase classname="testngsamples.GroupExamples" name="testCaseFour" time="0.010"/>
  <testcase classname="testngsamples.GroupExamples" name="testCaseOne" time="0.002"/>
  <testcase classname="testngsamples.GroupExamples" name="testCaseTwo" time="0.002"/>
</testsuite> <!-- testngsamples.GroupExamples -->
