<?xml version="1.0" encoding="UTF-8"?>
<!-- Generated by org.testng.reporters.JUnitReportReporter -->
<testsuite hostname="DESKTOP-LLLGMOJ" failures="0" tests="1" name="datadriventesting.ActitimeLogin" time="8.939" errors="0" timestamp="11 Sep 2022 04:02:41 GMT" skipped="0">
  <testcase classname="datadriventesting.ActitimeLogin" name="actitimeLogin" time="8.939"/>
</testsuite> <!-- datadriventesting.ActitimeLogin -->
