<?xml version="1.0" encoding="UTF-8"?>
<!-- Generated by org.testng.reporters.JUnitReportReporter -->
<testsuite hostname="DESKTOP-LLLGMOJ" failures="0" tests="2" name="testngsamples.Annotations2" time="0.008" errors="0" timestamp="11 Sep 2022 02:05:17 GMT" skipped="0">
  <testcase classname="testngsamples.Annotations2" name="taskCreation" time="0.005"/>
  <testcase classname="testngsamples.Annotations2" name="deleteTask" time="0.003"/>
</testsuite> <!-- testngsamples.Annotations2 -->
