<?xml version="1.0" encoding="UTF-8"?>
<!-- Generated by org.testng.reporters.JUnitReportReporter -->
<testsuite hostname="DESKTOP-LLLGMOJ" failures="0" tests="2" name="testngsamples.GoogleApplicationWithBeforeAfterTest" time="2.146" errors="0" timestamp="11 Sep 2022 02:16:35 GMT" skipped="0">
  <testcase classname="testngsamples.GoogleApplicationWithBeforeAfterTest" name="testGoogleLandingPage" time="0.032"/>
  <testcase classname="testngsamples.GoogleApplicationWithBeforeAfterTest" name="testSearch" time="2.114"/>
</testsuite> <!-- testngsamples.GoogleApplicationWithBeforeAfterTest -->
