<?xml version="1.0" encoding="UTF-8"?>
<!-- Generated by org.testng.reporters.JUnitReportReporter -->
<testsuite hostname="DESKTOP-LLLGMOJ" failures="0" tests="1" name="testngsamples.Annotations" time="0.006" errors="0" timestamp="11 Sep 2022 02:04:24 GMT" skipped="0">
  <testcase classname="testngsamples.Annotations" name="taskCreation" time="0.006"/>
</testsuite> <!-- testngsamples.Annotations -->
