<?xml version="1.0" encoding="UTF-8"?>
<!-- Generated by org.testng.reporters.JUnitReportReporter -->
<testsuite hostname="DESKTOP-LLLGMOJ" failures="0" tests="1" name="testngsamples.FirstTestNgWebScript" time="6.846" errors="0" timestamp="11 Sep 2022 01:46:30 GMT" skipped="0">
  <testcase classname="testngsamples.FirstTestNgWebScript" name="testCase1" time="6.846"/>
</testsuite> <!-- testngsamples.FirstTestNgWebScript -->
