<?xml version="1.0" encoding="UTF-8"?>
<!-- Generated by org.testng.reporters.JUnitReportReporter -->
<testsuite hostname="DESKTOP-LLLGMOJ" failures="0" tests="2" name="testngsamples.GoogleApplicationWithBeforeAfterMethod" time="12.848" errors="0" timestamp="11 Sep 2022 02:17:56 GMT" skipped="0">
  <testcase classname="testngsamples.GoogleApplicationWithBeforeAfterMethod" name="testSearch" time="9.249"/>
  <testcase classname="testngsamples.GoogleApplicationWithBeforeAfterMethod" name="testGoogleLandingPage" time="3.599"/>
</testsuite> <!-- testngsamples.GoogleApplicationWithBeforeAfterMethod -->
