<?xml version="1.0" encoding="UTF-8"?>
<!-- Generated by org.testng.reporters.JUnitReportReporter -->
<testsuite hostname="SurajShibe" failures="0" tests="1" name="dataDrivenpr.ReadDiifType" time="0.576" errors="0" timestamp="2023-01-07T00:17:06 IST" skipped="0">
  <testcase classname="dataDrivenpr.ReadDiifType" name="CellOps2" time="0.576"/>
  <system-out/>
</testsuite> <!-- dataDrivenpr.ReadDiifType -->
