<?xml version="1.0" encoding="UTF-8"?>
<!-- Generated by org.testng.reporters.JUnitReportReporter -->
<testsuite hostname="SurajShibe" failures="0" tests="2" name="TestNGPrograms.IncludeExcludeMethod" time="0.009" errors="0" timestamp="2023-01-08T17:03:00 IST" skipped="0">
  <testcase classname="TestNGPrograms.IncludeExcludeMethod" name="addLocationTestCase" time="0.007"/>
  <system-out/>
  <testcase classname="TestNGPrograms.IncludeExcludeMethod" name="addDepartmentTestCase" time="0.002"/>
  <system-out/>
</testsuite> <!-- TestNGPrograms.IncludeExcludeMethod -->
