<?xml version="1.0" encoding="UTF-8"?>
<!-- Generated by org.testng.reporters.JUnitReportReporter -->
<testsuite hostname="SurajShibe" failures="0" tests="3" name="dataDrivenpr.ReadExcel" time="0.582" errors="0" timestamp="2023-01-06T20:41:03 IST" skipped="0">
  <testcase classname="dataDrivenpr.ReadExcel" name="sheetOps" time="0.499"/>
  <system-out/>
  <testcase classname="dataDrivenpr.ReadExcel" name="RowOps" time="0.038"/>
  <system-out/>
  <testcase classname="dataDrivenpr.ReadExcel" name="CellOps" time="0.045"/>
  <system-out/>
</testsuite> <!-- dataDrivenpr.ReadExcel -->
