<?xml version="1.0" encoding="UTF-8"?>
<!-- Generated by org.testng.reporters.JUnitReportReporter -->
<testsuite hostname="SurajShibe" failures="0" tests="3" name="TestNGPrograms.groupEx" time="0.006" errors="0" timestamp="2023-01-08T16:36:23 IST" skipped="0">
  <testcase classname="TestNGPrograms.groupEx" name="logout" time="0.002"/>
  <system-out/>
  <testcase classname="TestNGPrograms.groupEx" name="login1" time="0.003"/>
  <system-out/>
  <testcase classname="TestNGPrograms.groupEx" name="login" time="0.001"/>
  <system-out/>
</testsuite> <!-- TestNGPrograms.groupEx -->
