<?xml version="1.0" encoding="UTF-8"?>
<!-- Generated by org.testng.reporters.JUnitReportReporter -->
<testsuite hostname="SurajShibe" failures="0" tests="1" name="TestNGPrograms.ParameterizationProg" time="0.008" errors="0" timestamp="2023-01-09T00:10:25 IST" skipped="0">
  <testcase classname="TestNGPrograms.ParameterizationProg" name="testCase1" time="0.008"/>
  <system-out/>
</testsuite> <!-- TestNGPrograms.ParameterizationProg -->
