<?xml version="1.0" encoding="UTF-8"?>
<!-- Generated by org.testng.reporters.JUnitReportReporter -->
<testsuite hostname="SurajShibe" failures="0" tests="2" name="TestNGPrograms.Assert1" time="4.265" errors="0" timestamp="2023-01-08T16:31:23 IST" skipped="0">
  <testcase classname="TestNGPrograms.Assert1" name="testGoogle" time="0.037"/>
  <system-out/>
  <testcase classname="TestNGPrograms.Assert1" name="testSearch" time="4.228"/>
  <system-out/>
</testsuite> <!-- TestNGPrograms.Assert1 -->
