<?xml version="1.0" encoding="UTF-8"?>
<!-- Generated by org.testng.reporters.JUnitReportReporter -->
<testsuite hostname="SurajShibe" failures="0" tests="1" name="assignment.WindowHandleRailway" time="22.945" errors="0" timestamp="2023-01-16T01:08:20 IST" skipped="0">
  <testcase classname="assignment.WindowHandleRailway" name="rail" time="22.945"/>
  <system-out/>
</testsuite> <!-- assignment.WindowHandleRailway -->
