<?xml version="1.0" encoding="UTF-8"?>
<!-- Generated by org.testng.reporters.JUnitReportReporter -->
<testsuite hostname="SurajShibe" failures="0" tests="1" name="dataDrivenpr.ActitimeLogin" time="16.960" errors="0" timestamp="2023-01-07T16:32:49 IST" skipped="0">
  <testcase classname="dataDrivenpr.ActitimeLogin" name="actitimeLogin" time="16.960"/>
  <system-out/>
</testsuite> <!-- dataDrivenpr.ActitimeLogin -->
