<?xml version="1.0" encoding="UTF-8"?>
<!-- Generated by org.testng.reporters.JUnitReportReporter -->
<testsuite hostname="SurajShibe" failures="0" tests="1" name="TestNGPrograms.Test11" time="2.212" errors="0" timestamp="2023-01-08T16:31:23 IST" skipped="0">
  <testcase classname="TestNGPrograms.Test11" name="Test1" time="2.212"/>
  <system-out/>
</testsuite> <!-- TestNGPrograms.Test11 -->
