<?xml version="1.0" encoding="UTF-8"?>
<!-- Generated by org.testng.reporters.JUnitReportReporter -->
<testsuite hostname="SurajShibe" failures="0" tests="1" name="dataDrivenpr.LoginDataDriven" time="26.251" errors="0" timestamp="2023-01-07T18:34:35 IST" skipped="0">
  <testcase classname="dataDrivenpr.LoginDataDriven" name="orangeHrmLoginInvalid" time="26.251"/>
  <system-out/>
</testsuite> <!-- dataDrivenpr.LoginDataDriven -->
