<?xml version="1.0" encoding="UTF-8"?>
<!-- Generated by org.testng.reporters.JUnitReportReporter -->
<testsuite hostname="SurajShibe" failures="0" tests="1" name="dataDrivenpr.LoginDataDrivenACt" time="8.046" errors="0" timestamp="2023-01-07T18:46:53 IST" skipped="0">
  <testcase classname="dataDrivenpr.LoginDataDrivenACt" name="orangeHrmLogin" time="8.046"/>
  <system-out/>
</testsuite> <!-- dataDrivenpr.LoginDataDrivenACt -->
