<?xml version="1.0" encoding="UTF-8"?>
<!-- Generated by org.testng.reporters.JUnitReportReporter -->
<testsuite hostname="SurajShibe" failures="0" tests="1" name="dataDrivenpr.ReadComplete" time="0.509" errors="0" timestamp="2023-01-07T00:03:32 IST" skipped="0">
  <testcase classname="dataDrivenpr.ReadComplete" name="readComppleteSheetData" time="0.509"/>
  <system-out/>
</testsuite> <!-- dataDrivenpr.ReadComplete -->
