<?xml version="1.0" encoding="UTF-8"?>
<!-- Generated by org.testng.reporters.JUnitReportReporter -->
<testsuite hostname="SurajShibe" failures="0" tests="6" name="TestNGPrograms.DependancyTest" time="0.025" errors="0" timestamp="2023-01-08T16:31:23 IST" skipped="0">
  <testcase classname="TestNGPrograms.DependancyTest" name="openBrowser" time="0.005"/>
  <system-out/>
  <testcase classname="TestNGPrograms.DependancyTest" name="abc" time="0.009"/>
  <system-out/>
  <testcase classname="TestNGPrograms.DependancyTest" name="abc" time="0.001"/>
  <system-out/>
  <testcase classname="TestNGPrograms.DependancyTest" name="abc" time="0.004"/>
  <system-out/>
  <testcase classname="TestNGPrograms.DependancyTest" name="abc" time="0.004"/>
  <system-out/>
  <testcase classname="TestNGPrograms.DependancyTest" name="login" time="0.002"/>
  <system-out/>
</testsuite> <!-- TestNGPrograms.DependancyTest -->
