<?xml version="1.0" encoding="UTF-8"?>
<!-- Generated by org.testng.reporters.JUnitReportReporter -->
<testsuite hostname="SurajShibe" failures="0" tests="2" name="TestNGPrograms.TestNGPro1" time="0.004" errors="0" timestamp="2023-01-08T16:31:23 IST" skipped="0">
  <testcase classname="TestNGPrograms.TestNGPro1" name="f" time="0.002"/>
  <system-out/>
  <testcase classname="TestNGPrograms.TestNGPro1" name="login" time="0.002"/>
  <system-out/>
</testsuite> <!-- TestNGPrograms.TestNGPro1 -->
