<?xml version="1.0" encoding="UTF-8"?>
<!-- Generated by org.testng.reporters.JUnitReportReporter -->
<testsuite hostname="SurajShibe" failures="0" tests="1" name="assignment.CricInfo" time="12.149" errors="0" timestamp="2023-01-08T01:15:33 IST" skipped="0">
  <testcase classname="assignment.CricInfo" name="subMenus" time="12.149"/>
  <system-out/>
</testsuite> <!-- assignment.CricInfo -->
