<?xml version="1.0" encoding="UTF-8"?>
<!-- Generated by org.testng.reporters.JUnitReportReporter -->
<testsuite hostname="SurajShibe" failures="0" tests="3" name="assignment.VtigerLeadPage" time="15.630" errors="0" timestamp="2023-01-16T22:37:22 IST" skipped="0">
  <testcase classname="assignment.VtigerLeadPage" name="createLead" time="10.632"/>
  <system-out/>
  <testcase classname="assignment.VtigerLeadPage" name="editLead" time="3.873"/>
  <system-out/>
  <testcase classname="assignment.VtigerLeadPage" name="deleteLead" time="1.125"/>
  <system-out/>
</testsuite> <!-- assignment.VtigerLeadPage -->
