<?xml version="1.0" encoding="UTF-8"?>
<!-- Generated by org.testng.reporters.JUnitReportReporter -->
<testsuite hostname="SurajShibe" failures="0" tests="2" name="TestNGPrograms.BeforeMothod1" time="8.752" errors="0" timestamp="2023-01-08T16:31:23 IST" skipped="0">
  <testcase classname="TestNGPrograms.BeforeMothod1" name="test" time="4.314"/>
  <system-out/>
  <testcase classname="TestNGPrograms.BeforeMothod1" name="test2" time="4.438"/>
  <system-out/>
</testsuite> <!-- TestNGPrograms.BeforeMothod1 -->
