<?xml version="1.0" encoding="UTF-8"?>
<!-- Generated by org.testng.reporters.JUnitReportReporter -->
<testsuite hostname="SurajShibe" failures="0" tests="5" name="TestNGPrograms.GroupExamples" time="0.010" errors="0" timestamp="2023-01-08T16:36:23 IST" skipped="0">
  <testcase classname="TestNGPrograms.GroupExamples" name="testCaseFour" time="0.001"/>
  <system-out/>
  <testcase classname="TestNGPrograms.GroupExamples" name="testCaseFive" time="0.007"/>
  <system-out/>
  <testcase classname="TestNGPrograms.GroupExamples" name="testCaseOne" time="0.001"/>
  <system-out/>
  <testcase classname="TestNGPrograms.GroupExamples" name="testCaseTwo" time="0.001"/>
  <system-out/>
  <testcase classname="TestNGPrograms.GroupExamples" name="testCaseThree" time="0.000"/>
  <system-out/>
</testsuite> <!-- TestNGPrograms.GroupExamples -->
