<?xml version="1.0" encoding="UTF-8"?>
<!-- Generated by org.testng.reporters.JUnitReportReporter -->
<testsuite hostname="SurajShibe" failures="0" tests="2" name="TestNGPrograms.BeforeMethod12" time="16.396" errors="0" timestamp="2023-01-08T16:31:23 IST" skipped="0">
  <testcase classname="TestNGPrograms.BeforeMethod12" name="testReportsPage" time="7.805"/>
  <system-out/>
  <testcase classname="TestNGPrograms.BeforeMethod12" name="testVtigerHomePage" time="8.591"/>
  <system-out/>
</testsuite> <!-- TestNGPrograms.BeforeMethod12 -->
