<?xml version="1.0" encoding="UTF-8"?>
<!-- Generated by org.testng.reporters.JUnitReportReporter -->
<testsuite hostname="SurajShibe" failures="0" tests="1" name="dataDrivenpr.ReadCompIterator" time="0.547" errors="0" timestamp="2023-01-07T00:05:01 IST" skipped="0">
  <testcase classname="dataDrivenpr.ReadCompIterator" name="readComp" time="0.547"/>
  <system-out/>
</testsuite> <!-- dataDrivenpr.ReadCompIterator -->
